[debug] [2024-02-07T20:31:53.341Z] ----------------------------------------------------------------------
[debug] [2024-02-07T20:31:53.343Z] Command:       /usr/local/bin/node /usr/local/bin/firebase deploy
[debug] [2024-02-07T20:31:53.343Z] CLI Version:   13.0.3
[debug] [2024-02-07T20:31:53.343Z] Platform:      darwin
[debug] [2024-02-07T20:31:53.343Z] Node Version:  v18.17.1
[debug] [2024-02-07T20:31:53.345Z] Time:          Wed Feb 07 2024 20:31:53 GMT+0000 (Greenwich Mean Time)
[debug] [2024-02-07T20:31:53.345Z] ----------------------------------------------------------------------
[debug] 
[debug] [2024-02-07T20:31:53.386Z] > command requires scopes: ["email","openid","https://www.googleapis.com/auth/cloudplatformprojects.readonly","https://www.googleapis.com/auth/firebase","https://www.googleapis.com/auth/cloud-platform"]
[debug] [2024-02-07T20:31:53.387Z] > authorizing via signed-in user (kaival225@gmail.com)
[debug] [2024-02-07T20:31:53.387Z] [iam] checking project react-portfolio-c73c7 for permissions ["firebase.projects.get","firebasehosting.sites.update"]
[debug] [2024-02-07T20:31:53.388Z] >>> [apiv2][query] POST https://cloudresourcemanager.googleapis.com/v1/projects/react-portfolio-c73c7:testIamPermissions [none]
[debug] [2024-02-07T20:31:53.388Z] >>> [apiv2][(partial)header] POST https://cloudresourcemanager.googleapis.com/v1/projects/react-portfolio-c73c7:testIamPermissions x-goog-quota-user=projects/react-portfolio-c73c7
[debug] [2024-02-07T20:31:53.388Z] >>> [apiv2][body] POST https://cloudresourcemanager.googleapis.com/v1/projects/react-portfolio-c73c7:testIamPermissions {"permissions":["firebase.projects.get","firebasehosting.sites.update"]}
[debug] [2024-02-07T20:31:54.061Z] <<< [apiv2][status] POST https://cloudresourcemanager.googleapis.com/v1/projects/react-portfolio-c73c7:testIamPermissions 200
[debug] [2024-02-07T20:31:54.061Z] <<< [apiv2][body] POST https://cloudresourcemanager.googleapis.com/v1/projects/react-portfolio-c73c7:testIamPermissions {"permissions":["firebase.projects.get","firebasehosting.sites.update"]}
[debug] [2024-02-07T20:31:54.062Z] >>> [apiv2][query] GET https://firebase.googleapis.com/v1beta1/projects/react-portfolio-c73c7 [none]
[debug] [2024-02-07T20:31:54.373Z] <<< [apiv2][status] GET https://firebase.googleapis.com/v1beta1/projects/react-portfolio-c73c7 200
[debug] [2024-02-07T20:31:54.373Z] <<< [apiv2][body] GET https://firebase.googleapis.com/v1beta1/projects/react-portfolio-c73c7 {"projectId":"react-portfolio-c73c7","projectNumber":"486082884908","displayName":"React-portfolio","name":"projects/react-portfolio-c73c7","resources":{"hostingSite":"react-portfolio-c73c7"},"state":"ACTIVE","etag":"1_35a02705-847f-451c-85ea-91fb9267fec1"}
[info] 
[info] === Deploying to 'react-portfolio-c73c7'...
[info] 
[info] i  deploying hosting 
[debug] [2024-02-07T20:31:54.377Z] >>> [apiv2][query] POST https://firebasehosting.googleapis.com/v1beta1/projects/-/sites/react-portfolio-c73c7/versions [none]
[debug] [2024-02-07T20:31:54.377Z] >>> [apiv2][body] POST https://firebasehosting.googleapis.com/v1beta1/projects/-/sites/react-portfolio-c73c7/versions {"status":"CREATED","labels":{"deployment-tool":"cli-firebase"}}
[debug] [2024-02-07T20:31:55.348Z] <<< [apiv2][status] POST https://firebasehosting.googleapis.com/v1beta1/projects/-/sites/react-portfolio-c73c7/versions 200
[debug] [2024-02-07T20:31:55.348Z] <<< [apiv2][body] POST https://firebasehosting.googleapis.com/v1beta1/projects/-/sites/react-portfolio-c73c7/versions {"name":"projects/486082884908/sites/react-portfolio-c73c7/versions/a68b625dc282a797","status":"CREATED","config":{},"labels":{"deployment-tool":"cli-firebase"}}
[info] i  hosting[react-portfolio-c73c7]: beginning deploy... 
[info] i  hosting[react-portfolio-c73c7]: found 13 files in build 
[debug] [2024-02-07T20:31:55.354Z] [hosting] uploading with 200 concurrency
